src/components/landing/hero/HeroValuePillars.tsx(22,33): error TS2686: 'React' refers to a UMD global, but the current file is a module. Consider adding an import instead.
src/kernel/tests/auth.test.ts(2,59): error TS2307: Cannot find module 'vitest' or its corresponding type declarations.
src/lib/redisBroadcaster.ts(1,30): error TS2307: Cannot find module 'redis' or its corresponding type declarations.
src/test/setup.ts(2,25): error TS2307: Cannot find module '@testing-library/react' or its corresponding type declarations.
src/test/setup.ts(3,27): error TS2307: Cannot find module 'vitest' or its corresponding type declarations.
src/utils/inputSanitizer.test.ts(1,38): error TS2307: Cannot find module 'vitest' or its corresponding type declarations.
src/utils/sentry.ts(1,25): error TS2307: Cannot find module '@sentry/react' or its corresponding type declarations.
